-------------------------------------------------------------------------------
Test set: com.taufik.StaffTest
-------------------------------------------------------------------------------
Tests run: 13, Failures: 1, Errors: 0, Skipped: 0, Time elapsed: 0.021 s <<< FAILURE! - in com.taufik.StaffTest
testGetAllWithNoDataAvailable  Time elapsed: 0.008 s  <<< FAILURE!
org.opentest4j.AssertionFailedError: Expected java.lang.IllegalStateException to be thrown, but nothing was thrown.
	at com.taufik.StaffTest.testGetAllWithNoDataAvailable(StaffTest.java:355)

